<?xml version="1.0" encoding="UTF-8"?>
<!-- Generated by org.testng.reporters.JUnitReportReporter -->
<testsuite hostname="DESKTOP-8T4D3JD" failures="0" tests="7" name="com.test.Apitesting" time="9.193" errors="0" timestamp="2024-10-25T16:13:23 IST" skipped="0">
  <testcase classname="com.test.Apitesting" name="test_1_post" time="0.597"/>
  <testcase classname="com.test.Apitesting" name="test_4_delete" time="0.525"/>
  <testcase classname="com.test.Apitesting" name="test_02" time="0.605"/>
  <testcase classname="com.test.Apitesting" name="test_2_put" time="0.582"/>
  <testcase classname="com.test.Apitesting" name="test_3_patch" time="0.642"/>
  <testcase classname="com.test.Apitesting" name="test_01" time="0.244"/>
  <testcase classname="com.test.Apitesting" name="authenticateAndUseToken" time="5.998"/>
</testsuite> <!-- com.test.Apitesting -->
