<?xml version="1.0" encoding="UTF-8"?>
<!-- Generated by org.testng.reporters.JUnitReportReporter -->
<testsuite hostname="DESKTOP-8T4D3JD" failures="0" tests="2" name="com.test.CrossBrowserTest" time="21.195" errors="0" timestamp="2024-10-25T13:52:48 IST" skipped="0">
  <testcase classname="com.test.CrossBrowserTest" name="loginTest" time="12.640"/>
  <testcase classname="com.test.CrossBrowserTest" name="loginTest" time="8.555"/>
</testsuite> <!-- com.test.CrossBrowserTest -->
