<?xml version="1.0" encoding="UTF-8"?>
<!-- Generated by org.testng.reporters.JUnitReportReporter -->
<testsuite hostname="DESKTOP-8T4D3JD" failures="0" tests="2" name="com.test.ECommercesite" time="34.783" errors="0" timestamp="2024-10-25T16:15:16 IST" skipped="0">
  <testcase classname="com.test.ECommercesite" name="checkoutFlowTest" time="22.533"/>
  <testcase classname="com.test.ECommercesite" name="checkoutFlowTest" time="12.250"/>
</testsuite> <!-- com.test.ECommercesite -->
